make all --print-data-base --no-builtin-variables --no-builtin-rules --question
# GNU Make 4.1
# Built for x86_64-pc-linux-gnu
# Copyright (C) 1988-2014 Free Software Foundation, Inc.
# License GPLv3+: GNU GPL version 3 or later <http://gnu.org/licenses/gpl.html>
# This is free software: you are free to change and redistribute it.
# There is NO WARRANTY, to the extent permitted by law.

# Make data base, printed on Mon Feb 28 11:37:06 2022

# Variables

# 'override' directive
GNUMAKEFLAGS := 
# automatic
<D = $(patsubst %/,%,$(dir $<))
# automatic
?F = $(notdir $?)
# makefile (from 'Makefile', line 19)
TARGET_LIST_PY := bind
# environment
 
DESKTOP_SESSION = ubuntu
# default
.SHELLFLAGS := -c
# environment
XDG_SESSION_TYPE = x11
# environment
VSCODE_LOG_NATIVE = false
# makefile (from 'Makefile', line 83)
PYTARGETSRC :=  src/bind.cpp
# makefile (from 'Makefile', line 82)
CPPTARGETSRC :=  src/test.cpp  src/mysimulate.cpp
# automatic
?D = $(patsubst %/,%,$(dir $?))
# environment
IM_CONFIG_PHASE = 2
# makefile (from 'Makefile', line 62)
RENDER_LIBS = -lGL -lglew	/home/luke/.mujoco/mujoco210/bin/libglfw.so.3
# automatic
@D = $(patsubst %/,%,$(dir $@))
# environment
XAUTHORITY = /run/user/1000/gdm/Xauthority
# environment
GDMSESSION = ubuntu
# environment
XMODIFIERS = @im=ibus
# makefile
CURDIR := /home/luke/mymujoco
# makefile
SHELL = /bin/sh
# makefile (from 'Makefile', line 57)
COMMON = -O2 -I/home/luke/.mujoco/mujoco210/include -I/home/luke/pybind11/include -L/home/luke/.mujoco/mujoco210/bin -std=c++11 -mavx -pthread -Wl,-rpath,'$$ORIGIN'
# environment
VSCODE_NLS_CONFIG = {"locale":"en-gb","availableLanguages":{},"_languagePackSupport":true}
# environment
_ = /usr/share/code/code
# makefile (from 'Makefile', line 78)
CPPTARGETS :=  bin/test  bin/mysimulate
# environment
XDG_CONFIG_DIRS = /etc/xdg/xdg-ubuntu:/etc/xdg
# makefile (from 'Makefile', line 30)
MODELBASH := generate_models.sh
# makefile (from 'build/depends/mysimulate.d', line 1)
MAKEFILE_LIST :=  Makefile build/depends/mjclass.d build/depends/rendering.d build/depends/objecthandler.d build/depends/myfunctions.d build/depends/gripper.d build/depends/bind.d build/depends/test.d build/depends/mysimulate.d
# automatic
@F = $(notdir $@)
# environment
GIO_LAUNCHED_DESKTOP_FILE = /usr/share/applications/code.desktop
# environment
USERNAME = luke
# makefile (from 'Makefile', line 85)
SOURCES := src/mjclass.cpp src/rendering.cpp src/objecthandler.cpp src/myfunctions.cpp src/gripper.cpp
# environment
MANDATORY_PATH = /usr/share/gconf/ubuntu.mandatory.path
# environment
XDG_DATA_DIRS = /usr/share/ubuntu:/usr/local/share/:/usr/share/:/var/lib/snapd/desktop
# environment
ROS_ETC_DIR = /opt/ros/melodic/etc/ros
# environment
DBUS_SESSION_BUS_ADDRESS = unix:path=/run/user/1000/bus
# environment
VSCODE_VERBOSE_LOGGING = true
# makefile (from 'Makefile', line 23)
BUILDDIR := build
# environment
ROS_PACKAGE_PATH = /opt/ros/melodic/share
# environment
ROS_PYTHON_VERSION = 2
# environment
LESSOPEN = | /usr/bin/lesspipe %s
# environment
VSCODE_CWD = /home/luke
# environment
CLUTTER_IM_MODULE = xim
# default
MAKE_HOST := x86_64-pc-linux-gnu
# environment
PATH = /home/luke/.local/bin:/opt/ros/melodic/bin:/home/luke/.local/bin:/usr/local/sbin:/usr/local/bin:/usr/sbin:/usr/bin:/sbin:/bin:/usr/games:/usr/local/games:/snap/bin:/opt/thinlinc/bin:/home/luke/gzlauncher:/home/luke/gzlauncher
# environment
XDG_SESSION_DESKTOP = ubuntu
# environment
GPG_AGENT_INFO = /run/user/1000/gnupg/S.gpg-agent:0:1
# environment
SESSION_MANAGER = local/luke-linux:@/tmp/.ICE-unix/1766,unix/luke-linux:/tmp/.ICE-unix/1766
# environment
XDG_RUNTIME_DIR = /run/user/1000
# environment
TEXTDOMAIN = im-config
# environment
ROS_ROOT = /opt/ros/melodic/share/ros
# environment
XDG_MENU_PREFIX = gnome-
# environment
VSCODE_LOG_STACK = false
# makefile (from 'Makefile', line 79)
PYTARGETS :=  rl/env/mjpy/bind.so
# environment
VSCODE_CRASH_REPORTER_START_OPTIONS = {"companyName":"Microsoft","productName":"VSCode","submitURL":"appcenter://code?aid=fba07a4d-84bd-4fc8-a125-9640fc8ce171&uid=21195218-f437-4767-895d-017cce91f239&iid=21195218-f437-4767-895d-017cce91f239&sid=21195218-f437-4767-895d-017cce91f239","uploadToServer":true}
# default
.FEATURES := target-specific order-only second-expansion else-if shortest-stem undefine oneshell archives jobserver output-sync check-symlink load
# environment
CMAKE_PREFIX_PATH = /opt/ros/melodic
# environment
LS_COLORS = 
# environment
ROS_DISTRO = melodic
# environment
SSH_AUTH_SOCK = /run/user/1000/keyring/ssh
# environment
GIO_LAUNCHED_DESKTOP_FILE_PID = 4063
# automatic
%F = $(notdir $%)
# environment
DISPLAY = :0
# environment
GTK_IM_MODULE = ibus
# environment
VSCODE_PIPE_LOGGING = true
# environment
PWD = /home/luke/mymujoco
# environment
XDG_SEAT = seat0
# environment
SSH_AGENT_PID = 1862
# environment
PKG_CONFIG_PATH = /opt/ros/melodic/lib/pkgconfig
# environment
ORIGINAL_XDG_CURRENT_DESKTOP = ubuntu:GNOME
# environment
GTK_MODULES = gail:atk-bridge
# environment
VSCODE_AMD_ENTRYPOINT = vs/workbench/services/extensions/node/extensionHostProcess
# environment
HOME = /home/luke
# environment
LD_LIBRARY_PATH = /opt/ros/melodic/lib:/home/luke/.mujoco/mujoco210/bin:/usr/lib/nvidia
# environment
LESSCLOSE = /usr/bin/lesspipe %s %s
# environment
VSCODE_CODE_CACHE_PATH = /home/luke/.config/Code/CachedData/5554b12acf27056905806867f251c859323ff7e9
# environment
LOGNAME = luke
# makefile (from 'Makefile', line 25)
BUILDCPP := build/cpp
# environment
APPLICATION_INSIGHTS_NO_DIAGNOSTIC_CHANNEL = true
# makefile (from 'Makefile', line 75)
DEPENDS :=  build/depends/mjclass.d  build/depends/rendering.d  build/depends/objecthandler.d  build/depends/myfunctions.d  build/depends/gripper.d  build/depends/bind.d  build/depends/test.d  build/depends/mysimulate.d
# environment
VSCODE_HANDLES_UNCAUGHT_ERRORS = true
# default
MAKE_VERSION := 4.1
# environment
GNOME_DESKTOP_SESSION_ID = this-is-deprecated
# automatic
^D = $(patsubst %/,%,$(dir $^))
# environment
XDG_VTNR = 2
# environment
MAKELEVEL := 0
# default
MAKE = $(MAKE_COMMAND)
# default
MAKECMDGOALS := all
# environment
QT_IM_MODULE = ibus
# environment
SHLVL = 1
# environment
GNOME_SHELL_SESSION_MODE = ubuntu
# environment
VSCODE_IPC_HOOK_EXTHOST = /run/user/1000/vscode-ipc-21315eac-e771-4ed9-91ab-51e6c20aa065.sock
# environment
XDG_SESSION_ID = 2
# environment
USER = luke
# makefile
.DEFAULT_GOAL := all
# environment
XDG_CURRENT_DESKTOP = Unity
# makefile (from 'Makefile', line 60)
PYBIND = $(COMMON) -fPIC -Wall -shared -I/home/luke/pybind11/include -I/usr/include/python3.6m
# environment
ROSLISP_PACKAGE_DIRECTORIES = 
# automatic
%D = $(patsubst %/,%,$(dir $%))
# default
MAKE_COMMAND := make
# makefile (from 'Makefile', line 26)
OUTCPP := bin
# default
.VARIABLES := 
# automatic
*F = $(notdir $*)
# environment
LANGUAGE = en_GB:en
# environment
VSCODE_IPC_HOOK = /run/user/1000/vscode-8b1d6e5b-1.64.0-main.sock
# environment
PYTHONPATH = /opt/ros/melodic/lib/python2.7/dist-packages
# makefile
MAKEFLAGS = pqrR -j --jobserver-fds=3,4
# environment
MFLAGS = -pqrR -j --jobserver-fds=3,4
# automatic
*D = $(patsubst %/,%,$(dir $*))
# environment
BREAKPAD_DUMP_LOCATION = /home/luke/.config/Code/exthost Crash Reports
# environment
ROS_VERSION = 1
# makefile (from 'Makefile', line 89)
PYTARGETOBJ :=  build/bind.o
# automatic
+D = $(patsubst %/,%,$(dir $+))
# makefile (from 'Makefile', line 88)
CPPTARGETOBJ :=  build/test.o  build/mysimulate.o
# environment
GDK_BACKEND = x11
# makefile (from 'Makefile', line 63)
CORE_LIBS = -lmujoco210 -larmadillo
# automatic
+F = $(notdir $+)
# environment
QT_ACCESSIBILITY = 1
# environment
DEFAULTS_PATH = /usr/share/gconf/ubuntu.default.path
# makefile (from 'Makefile', line 18)
TARGET_LIST_CPP := test mysimulate
# environment
TEXTDOMAINDIR = /usr/share/locale/
# default
MAKEFILES := 
# automatic
<F = $(notdir $<)
# environment
ELECTRON_RUN_AS_NODE = 1
# environment
ROS_MASTER_URI = http://localhost:11311
# environment
LC_ALL = C
# makefile (from 'Makefile', line 91)
PYSHAREDOBJ :=  build/py/mjclass.o  build/py/rendering.o  build/py/objecthandler.o  build/py/myfunctions.o  build/py/gripper.o
# environment
QT4_IM_MODULE = xim
# environment
GJS_DEBUG_TOPICS = JS ERROR;JS LOG
# automatic
^F = $(notdir $^)
# default
SUFFIXES := 
# makefile (from 'Makefile', line 24)
BUILDPY := build/py
# makefile (from 'Makefile', line 31)
MODELDIR := /home/luke/gripper_repo_ws/src/gripper_v2/gripper_description/urdf/mujoco
# environment
CHROME_DESKTOP = code-url-handler.desktop
# environment
WINDOWPATH = 2
# default
.INCLUDE_DIRS = /usr/include /usr/local/include /usr/include
# environment
GJS_DEBUG_OUTPUT = stderr
# makefile (from 'Makefile', line 90)
CPPSHAREDOBJ :=  build/cpp/mjclass.o  build/cpp/rendering.o  build/cpp/objecthandler.o  build/cpp/myfunctions.o  build/cpp/gripper.o
# default
.RECIPEPREFIX := 
# makefile (from 'Makefile', line 27)
OUTPY := rl/env/mjpy
# environment
LANG = C
# makefile (from 'Makefile', line 22)
SOURCEDIR := src
# environment
VSCODE_PID = 4063
# variable set hash-table stats:
# Load=141/1024=14%, Rehash=0, Collisions=20/246=8%
 

# Pattern-specific Variable Values

# No pattern-specific variable values.

# Directories

# . (device 66308, inode 3540140): 18 files, no impossibilities.
# src (device 66308, inode 3539506): 20 files, no impossibilities.

# 38 files, no impossibilities in 2 directories.

# Implicit Rules

build/depends/%.d: src/%.cpp
#  recipe to execute (from 'Makefile', line 134):
	@set -e; rm -f $@; \
		g++ -MM $(COMMON) $< > $@.$$$$; \
		sed 's,\($*\)\.o[ :]*,$(BUILDDIR)/\1.o $(BUILDCPP)/\1.o $(BUILDPY)/\1.o $@ : ,g' \
			< $@.$$$$ > $@;
		rm -f $@.*

# 1 implicit rules, 0 (0.0%) terminal.

# Files

build/objecthandler.o: src/objecthandler.cpp src/objecthandler.h /home/luke/.mujoco/mujoco210/include/mujoco.h /home/luke/.mujoco/mujoco210/include/mjmodel.h /home/luke/.mujoco/mujoco210/include/mjdata.h /home/luke/.mujoco/mujoco210/include/mjvisualize.h /home/luke/.mujoco/mujoco210/include/mjrender.h /home/luke/.mujoco/mujoco210/include/mjui.h src/customtypes.h src/slidingwindow.h src/gripper.h src/mynum.h
#  Implicit rule search has not been done.
#  Modification time never checked.
#  File has not been updated.

build/mjclass.o: src/mjclass.cpp src/mjclass.h /home/luke/.mujoco/mujoco210/include/mjxmacro.h /home/luke/.mujoco/mujoco210/include/mujoco.h /home/luke/.mujoco/mujoco210/include/mjmodel.h /home/luke/.mujoco/mujoco210/include/mjdata.h /home/luke/.mujoco/mujoco210/include/mjvisualize.h /home/luke/.mujoco/mujoco210/include/mjrender.h /home/luke/.mujoco/mujoco210/include/mjui.h src/simsettings.h src/myfunctions.h src/customtypes.h src/slidingwindow.h src/gripper.h src/mynum.h src/objecthandler.h src/rendering.h /home/luke/.mujoco/mujoco210/include/uitools.h /home/luke/.mujoco/mujoco210/include/mujoco.h /home/luke/.mujoco/mujoco210/include/glfw3.h /home/luke/.mujoco/mujoco210/include/glfw3.h
#  Implicit rule search has not been done.
#  Modification time never checked.
#  File has not been updated.

bin/test: build/test.o build/uitools.o build/cpp/mjclass.o build/cpp/rendering.o build/cpp/objecthandler.o build/cpp/myfunctions.o build/cpp/gripper.o
#  Implicit rule search has not been done.
#  Implicit/static pattern stem: '/test'
#  Last modified 2022-02-28 09:52:44.126890275
#  File has been updated.
#  Successfully updated.
#  recipe to execute (from 'Makefile', line 123):
	g++ $(COMMON) $^ $(CORE_LIBS) $(RENDER_LIBS) -o $@

build/mysimulate.o: src/mysimulate.cpp src/mysimulate.cpp /home/luke/.mujoco/mujoco210/include/mjxmacro.h /home/luke/.mujoco/mujoco210/include/uitools.h /home/luke/.mujoco/mujoco210/include/mujoco.h /home/luke/.mujoco/mujoco210/include/mjmodel.h /home/luke/.mujoco/mujoco210/include/mjdata.h /home/luke/.mujoco/mujoco210/include/mjvisualize.h /home/luke/.mujoco/mujoco210/include/mjrender.h /home/luke/.mujoco/mujoco210/include/mjui.h /home/luke/.mujoco/mujoco210/include/glfw3.h src/myfunctions.h /home/luke/.mujoco/mujoco210/include/mujoco.h src/customtypes.h src/slidingwindow.h src/gripper.h src/mynum.h src/objecthandler.h src/mjclass.h src/simsettings.h src/rendering.h /home/luke/.mujoco/mujoco210/include/glfw3.h
#  Implicit rule search has not been done.
#  Implicit/static pattern stem: 'mysimulate'
#  Last modified 2022-02-28 09:52:43.730890849
#  File has been updated.
#  Successfully updated.
#  recipe to execute (from 'Makefile', line 117):
	g++ $(COMMON) -c $< -o $@

build/rendering.o: src/rendering.cpp src/rendering.h /home/luke/.mujoco/mujoco210/include/mjxmacro.h /home/luke/.mujoco/mujoco210/include/uitools.h /home/luke/.mujoco/mujoco210/include/mujoco.h /home/luke/.mujoco/mujoco210/include/mjmodel.h /home/luke/.mujoco/mujoco210/include/mjdata.h /home/luke/.mujoco/mujoco210/include/mjvisualize.h /home/luke/.mujoco/mujoco210/include/mjrender.h /home/luke/.mujoco/mujoco210/include/mjui.h /home/luke/.mujoco/mujoco210/include/glfw3.h /home/luke/.mujoco/mujoco210/include/glfw3.h
#  Implicit rule search has not been done.
#  Modification time never checked.
#  File has not been updated.

# Not a target:
/home/luke/pybind11/include/pybind11/attr.h:
#  Implicit rule search has been done.
#  Last modified 2021-12-13 14:42:02.095471848
#  File has been updated.
#  Successfully updated.

build/py/mjclass.o: src/mjclass.cpp src/mjclass.cpp src/mjclass.h /home/luke/.mujoco/mujoco210/include/mjxmacro.h /home/luke/.mujoco/mujoco210/include/mujoco.h /home/luke/.mujoco/mujoco210/include/mjmodel.h /home/luke/.mujoco/mujoco210/include/mjdata.h /home/luke/.mujoco/mujoco210/include/mjvisualize.h /home/luke/.mujoco/mujoco210/include/mjrender.h /home/luke/.mujoco/mujoco210/include/mjui.h src/simsettings.h src/myfunctions.h src/customtypes.h src/slidingwindow.h src/gripper.h src/mynum.h src/objecthandler.h src/rendering.h /home/luke/.mujoco/mujoco210/include/uitools.h /home/luke/.mujoco/mujoco210/include/mujoco.h /home/luke/.mujoco/mujoco210/include/glfw3.h /home/luke/.mujoco/mujoco210/include/glfw3.h
#  Implicit rule search has not been done.
#  Implicit/static pattern stem: 'mjclass'
#  Last modified 2022-02-28 09:52:44.002890455
#  File has been updated.
#  Successfully updated.
#  recipe to execute (from 'Makefile', line 115):
	g++ $(COMMON) -c -fPIC $< -o $@

# Not a target:
/home/luke/.mujoco/mujoco210/include/mjui.h:
#  Implicit rule search has been done.
#  Last modified 2021-10-07 18:58:21
#  File has been updated.
#  Successfully updated.

all: cpp py
#  Command line target.
#  Implicit rule search has been done.
#  File does not exist.
#  File has been updated.
#  Successfully updated.

build/py/mysimulate.o: src/mysimulate.cpp /home/luke/.mujoco/mujoco210/include/mjxmacro.h /home/luke/.mujoco/mujoco210/include/uitools.h /home/luke/.mujoco/mujoco210/include/mujoco.h /home/luke/.mujoco/mujoco210/include/mjmodel.h /home/luke/.mujoco/mujoco210/include/mjdata.h /home/luke/.mujoco/mujoco210/include/mjvisualize.h /home/luke/.mujoco/mujoco210/include/mjrender.h /home/luke/.mujoco/mujoco210/include/mjui.h /home/luke/.mujoco/mujoco210/include/glfw3.h src/myfunctions.h /home/luke/.mujoco/mujoco210/include/mujoco.h src/customtypes.h src/slidingwindow.h src/gripper.h src/mynum.h src/objecthandler.h src/mjclass.h src/simsettings.h src/rendering.h /home/luke/.mujoco/mujoco210/include/glfw3.h
#  Implicit rule search has not been done.
#  Modification time never checked.
#  File has not been updated.

# Not a target:
/home/luke/pybind11/include/pybind11/buffer_info.h:
#  Implicit rule search has been done.
#  Last modified 2021-12-13 14:42:02.095471848
#  File has been updated.
#  Successfully updated.

py: rl/env/mjpy/bind.so build/depends/mjclass.d build/depends/rendering.d build/depends/objecthandler.d build/depends/myfunctions.d build/depends/gripper.d build/depends/bind.d build/depends/test.d build/depends/mysimulate.d
#  Implicit rule search has been done.
#  File does not exist.
#  File has been updated.
#  Successfully updated.

.PHONY: everything cluster models xml
#  Implicit rule search has not been done.
#  Modification time never checked.
#  File has not been updated.

everything: cpp py models
#  Phony target (prerequisite of .PHONY).
#  Implicit rule search has not been done.
#  File does not exist.
#  File has not been updated.

build/py/rendering.o: src/rendering.cpp src/rendering.cpp src/rendering.h /home/luke/.mujoco/mujoco210/include/mjxmacro.h /home/luke/.mujoco/mujoco210/include/uitools.h /home/luke/.mujoco/mujoco210/include/mujoco.h /home/luke/.mujoco/mujoco210/include/mjmodel.h /home/luke/.mujoco/mujoco210/include/mjdata.h /home/luke/.mujoco/mujoco210/include/mjvisualize.h /home/luke/.mujoco/mujoco210/include/mjrender.h /home/luke/.mujoco/mujoco210/include/mjui.h /home/luke/.mujoco/mujoco210/include/glfw3.h /home/luke/.mujoco/mujoco210/include/glfw3.h
#  Implicit rule search has not been done.
#  Implicit/static pattern stem: 'rendering'
#  Last modified 2022-02-15 14:56:12.732579138
#  File has been updated.
#  Successfully updated.
#  recipe to execute (from 'Makefile', line 115):
	g++ $(COMMON) -c -fPIC $< -o $@

build/bind.o: src/bind.cpp src/bind.cpp /home/luke/pybind11/include/pybind11/pybind11.h /home/luke/pybind11/include/pybind11/attr.h /home/luke/pybind11/include/pybind11/cast.h /home/luke/pybind11/include/pybind11/pytypes.h /home/luke/pybind11/include/pybind11/detail/common.h /home/luke/pybind11/include/pybind11/buffer_info.h /home/luke/pybind11/include/pybind11/detail/descr.h /home/luke/pybind11/include/pybind11/detail/type_caster_base.h /home/luke/pybind11/include/pybind11/detail/internals.h /home/luke/pybind11/include/pybind11/detail/typeid.h /home/luke/pybind11/include/pybind11/gil.h /home/luke/pybind11/include/pybind11/options.h /home/luke/pybind11/include/pybind11/detail/class.h /home/luke/pybind11/include/pybind11/detail/init.h /home/luke/pybind11/include/pybind11/stl.h src/mjclass.h /home/luke/.mujoco/mujoco210/include/mjxmacro.h /home/luke/.mujoco/mujoco210/include/mujoco.h /home/luke/.mujoco/mujoco210/include/mjmodel.h /home/luke/.mujoco/mujoco210/include/mjdata.h /home/luke/.mujoco/mujoco210/include/mjvisualize.h /home/luke/.mujoco/mujoco210/include/mjrender.h /home/luke/.mujoco/mujoco210/include/mjui.h src/simsettings.h src/myfunctions.h src/customtypes.h src/slidingwindow.h src/gripper.h src/mynum.h src/objecthandler.h src/rendering.h /home/luke/.mujoco/mujoco210/include/uitools.h /home/luke/.mujoco/mujoco210/include/mujoco.h /home/luke/.mujoco/mujoco210/include/glfw3.h /home/luke/.mujoco/mujoco210/include/glfw3.h
#  Implicit rule search has not been done.
#  Implicit/static pattern stem: 'bind'
#  Last modified 2022-02-28 09:52:48.154884414
#  File has been updated.
#  Successfully updated.
#  recipe to execute (from 'Makefile', line 119):
	g++ $(PYBIND) -c $< -o $@

# Not a target:
/home/luke/.mujoco/mujoco210/include/mjxmacro.h:
#  Implicit rule search has been done.
#  Last modified 2021-10-07 18:58:21
#  File has been updated.
#  Successfully updated.

# Not a target:
/home/luke/.mujoco/mujoco210/include/mjmodel.h:
#  Implicit rule search has been done.
#  Last modified 2021-10-07 18:58:21
#  File has been updated.
#  Successfully updated.

# Not a target:
/home/luke/pybind11/include/pybind11/detail/type_caster_base.h:
#  Implicit rule search has been done.
 
#  Last modified 2021-12-13 14:42:02.095471848
#  File has been updated.
#  Successfully updated.

build/py/objecthandler.o: src/objecthandler.cpp src/objecthandler.cpp src/objecthandler.h /home/luke/.mujoco/mujoco210/include/mujoco.h /home/luke/.mujoco/mujoco210/include/mjmodel.h /home/luke/.mujoco/mujoco210/include/mjdata.h /home/luke/.mujoco/mujoco210/include/mjvisualize.h /home/luke/.mujoco/mujoco210/include/mjrender.h /home/luke/.mujoco/mujoco210/include/mjui.h src/customtypes.h src/slidingwindow.h src/gripper.h src/mynum.h
#  Implicit rule search has not been done.
#  Implicit/static pattern stem: 'objecthandler'
#  Last modified 2022-02-24 12:05:37.516257606
#  File has been updated.
#  Successfully updated.
#  recipe to execute (from 'Makefile', line 115):
	g++ $(COMMON) -c -fPIC $< -o $@

# Not a target:
src/simsettings.h:
#  Implicit rule search has been done.
#  Last modified 2022-02-24 12:15:27.864894258
#  File has been updated.
#  Successfully updated.

cluster: py
#  Phony target (prerequisite of .PHONY).
#  Implicit rule search has not been done.
#  File does not exist.
#  File has not been updated.

# Not a target:
src/customtypes.h:
#  Implicit rule search has been done.
#  Last modified 2022-02-15 14:34:35.83707969
#  File has been updated.
#  Successfully updated.

# Not a target:
/home/luke/pybind11/include/pybind11/pybind11.h:
#  Implicit rule search has been done.
#  Last modified 2021-12-13 14:42:02.099471827
#  File has been updated.
#  Successfully updated.

# Not a target:
Makefile:
#  Implicit rule search has been done.
#  Last modified 2022-02-24 11:37:00.943991942
#  File has been updated.
#  Successfully updated.

build/test.o: src/test.cpp src/test.cpp src/mjclass.h /home/luke/.mujoco/mujoco210/include/mjxmacro.h /home/luke/.mujoco/mujoco210/include/mujoco.h /home/luke/.mujoco/mujoco210/include/mjmodel.h /home/luke/.mujoco/mujoco210/include/mjdata.h /home/luke/.mujoco/mujoco210/include/mjvisualize.h /home/luke/.mujoco/mujoco210/include/mjrender.h /home/luke/.mujoco/mujoco210/include/mjui.h src/simsettings.h src/myfunctions.h src/customtypes.h src/slidingwindow.h src/gripper.h src/mynum.h src/objecthandler.h src/rendering.h /home/luke/.mujoco/mujoco210/include/uitools.h /home/luke/.mujoco/mujoco210/include/mujoco.h /home/luke/.mujoco/mujoco210/include/glfw3.h /home/luke/.mujoco/mujoco210/include/glfw3.h
#  Implicit rule search has not been done.
#  Implicit/static pattern stem: 'test'
#  Last modified 2022-02-28 09:52:42.978891942
#  File has been updated.
#  Successfully updated.
#  recipe to execute (from 'Makefile', line 117):
	g++ $(COMMON) -c $< -o $@

build/py/bind.o: src/bind.cpp /home/luke/pybind11/include/pybind11/pybind11.h /home/luke/pybind11/include/pybind11/attr.h /home/luke/pybind11/include/pybind11/cast.h /home/luke/pybind11/include/pybind11/pytypes.h /home/luke/pybind11/include/pybind11/detail/common.h /home/luke/pybind11/include/pybind11/buffer_info.h /home/luke/pybind11/include/pybind11/detail/descr.h /home/luke/pybind11/include/pybind11/detail/type_caster_base.h /home/luke/pybind11/include/pybind11/detail/internals.h /home/luke/pybind11/include/pybind11/detail/typeid.h /home/luke/pybind11/include/pybind11/gil.h /home/luke/pybind11/include/pybind11/options.h /home/luke/pybind11/include/pybind11/detail/class.h /home/luke/pybind11/include/pybind11/detail/init.h /home/luke/pybind11/include/pybind11/stl.h src/mjclass.h /home/luke/.mujoco/mujoco210/include/mjxmacro.h /home/luke/.mujoco/mujoco210/include/mujoco.h /home/luke/.mujoco/mujoco210/include/mjmodel.h /home/luke/.mujoco/mujoco210/include/mjdata.h /home/luke/.mujoco/mujoco210/include/mjvisualize.h /home/luke/.mujoco/mujoco210/include/mjrender.h /home/luke/.mujoco/mujoco210/include/mjui.h src/simsettings.h src/myfunctions.h src/customtypes.h src/slidingwindow.h src/gripper.h src/mynum.h src/objecthandler.h src/rendering.h /home/luke/.mujoco/mujoco210/include/uitools.h /home/luke/.mujoco/mujoco210/include/mujoco.h /home/luke/.mujoco/mujoco210/include/glfw3.h /home/luke/.mujoco/mujoco210/include/glfw3.h
#  Implicit rule search has not been done.
#  Modification time never checked.
#  File has not been updated.

cpp: bin/test bin/mysimulate build/depends/mjclass.d build/depends/rendering.d build/depends/objecthandler.d build/depends/myfunctions.d build/depends/gripper.d build/depends/bind.d build/depends/test.d build/depends/mysimulate.d
#  Implicit rule search has been done.
#  File does not exist.
#  File has been updated.
#  Successfully updated.

# Not a target:
/home/luke/pybind11/include/pybind11/detail/descr.h:
#  Implicit rule search has been done.
#  Last modified 2021-12-13 14:42:02.095471848
#  File has been updated.
#  Successfully updated.

# Not a target:
src/gripper.h:
#  Implicit rule search has been done.
#  Last modified 2022-02-03 09:47:52.913044762
#  File has been updated.
#  Successfully updated.

# Not a target:
/home/luke/pybind11/include/pybind11/cast.h:
#  Implicit rule search has been done.
#  Last modified 2021-12-13 14:42:02.095471848
#  File has been updated.
#  Successfully updated.

build/py/test.o: src/test.cpp src/mjclass.h /home/luke/.mujoco/mujoco210/include/mjxmacro.h /home/luke/.mujoco/mujoco210/include/mujoco.h /home/luke/.mujoco/mujoco210/include/mjmodel.h /home/luke/.mujoco/mujoco210/include/mjdata.h /home/luke/.mujoco/mujoco210/include/mjvisualize.h /home/luke/.mujoco/mujoco210/include/mjrender.h /home/luke/.mujoco/mujoco210/include/mjui.h src/simsettings.h src/myfunctions.h src/customtypes.h src/slidingwindow.h src/gripper.h src/mynum.h src/objecthandler.h src/rendering.h /home/luke/.mujoco/mujoco210/include/uitools.h /home/luke/.mujoco/mujoco210/include/mujoco.h /home/luke/.mujoco/mujoco210/include/glfw3.h /home/luke/.mujoco/mujoco210/include/glfw3.h
#  Implicit rule search has not been done.
#  Modification time never checked.
#  File has not been updated.

# Not a target:
/home/luke/.mujoco/mujoco210/include/mjvisualize.h:
#  Implicit rule search has been done.
#  Last modified 2021-10-07 18:58:21
#  File has been updated.
#  Successfully updated.

# Not a target:
/home/luke/pybind11/include/pybind11/stl.h:
#  Implicit rule search has been done.
#  Last modified 2021-12-13 14:42:02.099471827
#  File has been updated.
#  Successfully updated.

# Not a target:
src/gripper.cpp:
#  Implicit rule search has been done.
#  Last modified 2022-02-02 09:58:20.176242438
#  File has been updated.
#  Successfully updated.

build/depends/gripper.d: src/gripper.cpp src/gripper.cpp src/gripper.h
#  Implicit rule search has been done.
#  Implicit/static pattern stem: 'gripper'
#  Last modified 2022-02-28 09:05:16.468301586
#  File has been updated.
#  Successfully updated.
#  recipe to execute (from 'Makefile', line 134):
	@set -e; rm -f $@; \
		g++ -MM $(COMMON) $< > $@.$$$$; \
		sed 's,\($*\)\.o[ :]*,$(BUILDDIR)/\1.o $(BUILDCPP)/\1.o $(BUILDPY)/\1.o $@ : ,g' \
			< $@.$$$$ > $@;
		rm -f $@.*

build/cpp/myfunctions.o: src/myfunctions.cpp src/myfunctions.cpp src/myfunctions.h /home/luke/.mujoco/mujoco210/include/mjxmacro.h /home/luke/.mujoco/mujoco210/include/mujoco.h /home/luke/.mujoco/mujoco210/include/mjmodel.h /home/luke/.mujoco/mujoco210/include/mjdata.h /home/luke/.mujoco/mujoco210/include/mjvisualize.h /home/luke/.mujoco/mujoco210/include/mjrender.h /home/luke/.mujoco/mujoco210/include/mjui.h src/customtypes.h src/slidingwindow.h src/gripper.h src/mynum.h src/objecthandler.h
#  Implicit rule search has not been done.
#  Implicit/static pattern stem: 'myfunctions'
#  Last modified 2022-02-24 12:05:38.956246702
#  File has been updated.
#  Successfully updated.
#  recipe to execute (from 'Makefile', line 113):
	g++ $(COMMON) -c $< -o $@

# Not a target:
src/myfunctions.h:
#  Implicit rule search has been done.
#  Last modified 2022-02-24 11:47:28.836502251
#  File has been updated.
#  Successfully updated.

# Not a target:
/home/luke/.mujoco/mujoco210/include/mjrender.h:
#  Implicit rule search has been done.
 
#  Last modified 2021-10-07 18:58:21
#  File has been updated.
#  Successfully updated.

# Not a target:
/home/luke/pybind11/include/pybind11/detail/init.h:
#  Implicit rule search has been done.
#  Last modified 2021-12-13 14:42:02.095471848
#  File has been updated.
#  Successfully updated.

# Not a target:
src/myfunctions.cpp:
#  Implicit rule search has been done.
#  Last modified 2022-02-24 11:41:23.57645045
#  File has been updated.
#  Successfully updated.

build/depends/myfunctions.d: src/myfunctions.cpp src/myfunctions.cpp src/myfunctions.h /home/luke/.mujoco/mujoco210/include/mjxmacro.h /home/luke/.mujoco/mujoco210/include/mujoco.h /home/luke/.mujoco/mujoco210/include/mjmodel.h /home/luke/.mujoco/mujoco210/include/mjdata.h /home/luke/.mujoco/mujoco210/include/mjvisualize.h /home/luke/.mujoco/mujoco210/include/mjrender.h /home/luke/.mujoco/mujoco210/include/mjui.h src/customtypes.h src/slidingwindow.h src/gripper.h src/mynum.h src/objecthandler.h
#  Implicit rule search has been done.
#  Implicit/static pattern stem: 'myfunctions'
#  Last modified 2022-02-28 09:05:16.652301244
#  File has been updated.
#  Successfully updated.
#  recipe to execute (from 'Makefile', line 134):
	@set -e; rm -f $@; \
		g++ -MM $(COMMON) $< > $@.$$$$; \
		sed 's,\($*\)\.o[ :]*,$(BUILDDIR)/\1.o $(BUILDCPP)/\1.o $(BUILDPY)/\1.o $@ : ,g' \
			< $@.$$$$ > $@;
		rm -f $@.*

# Not a target:
/home/luke/.mujoco/mujoco210/include/mujoco.h:
#  Implicit rule search has been done.
#  Last modified 2022-02-15 14:38:40.988222681
#  File has been updated.
#  Successfully updated.

# Not a target:
/home/luke/pybind11/include/pybind11/pytypes.h:
#  Implicit rule search has been done.
#  Last modified 2021-12-13 14:42:02.099471827
#  File has been updated.
#  Successfully updated.

# Not a target:
.DEFAULT:
#  Implicit rule search has not been done.
#  Modification time never checked.
#  File has not been updated.

# Not a target:
/home/luke/.mujoco/mujoco210/include/glfw3.h:
#  Implicit rule search has been done.
#  Last modified 2021-10-07 20:00:42
#  File has been updated.
#  Successfully updated.

# Not a target:
/home/luke/pybind11/include/pybind11/gil.h:
#  Implicit rule search has been done.
#  Last modified 2021-12-13 14:42:02.099471827
#  File has been updated.
#  Successfully updated.

build/cpp/gripper.o: src/gripper.cpp src/gripper.cpp src/gripper.h
#  Implicit rule search has not been done.
#  Implicit/static pattern stem: 'gripper'
#  Last modified 2022-02-15 14:56:12.284580766
#  File has been updated.
#  Successfully updated.
#  recipe to execute (from 'Makefile', line 113):
	g++ $(COMMON) -c $< -o $@

# Not a target:
/home/luke/pybind11/include/pybind11/detail/class.h:
#  Implicit rule search has been done.
#  Last modified 2021-12-13 14:42:02.095471848
#  File has been updated.
#  Successfully updated.

build/cpp/mjclass.o: src/mjclass.cpp src/mjclass.cpp src/mjclass.h /home/luke/.mujoco/mujoco210/include/mjxmacro.h /home/luke/.mujoco/mujoco210/include/mujoco.h /home/luke/.mujoco/mujoco210/include/mjmodel.h /home/luke/.mujoco/mujoco210/include/mjdata.h /home/luke/.mujoco/mujoco210/include/mjvisualize.h /home/luke/.mujoco/mujoco210/include/mjrender.h /home/luke/.mujoco/mujoco210/include/mjui.h src/simsettings.h src/myfunctions.h src/customtypes.h src/slidingwindow.h src/gripper.h src/mynum.h src/objecthandler.h src/rendering.h /home/luke/.mujoco/mujoco210/include/uitools.h /home/luke/.mujoco/mujoco210/include/mujoco.h /home/luke/.mujoco/mujoco210/include/glfw3.h /home/luke/.mujoco/mujoco210/include/glfw3.h
#  Implicit rule search has not been done.
#  Implicit/static pattern stem: 'mjclass'
#  Last modified 2022-02-28 09:52:43.990890472
#  File has been updated.
#  Successfully updated.
#  recipe to execute (from 'Makefile', line 113):
	g++ $(COMMON) -c $< -o $@

build/cpp/mysimulate.o: src/mysimulate.cpp /home/luke/.mujoco/mujoco210/include/mjxmacro.h /home/luke/.mujoco/mujoco210/include/uitools.h /home/luke/.mujoco/mujoco210/include/mujoco.h /home/luke/.mujoco/mujoco210/include/mjmodel.h /home/luke/.mujoco/mujoco210/include/mjdata.h /home/luke/.mujoco/mujoco210/include/mjvisualize.h /home/luke/.mujoco/mujoco210/include/mjrender.h /home/luke/.mujoco/mujoco210/include/mjui.h /home/luke/.mujoco/mujoco210/include/glfw3.h src/myfunctions.h /home/luke/.mujoco/mujoco210/include/mujoco.h src/customtypes.h src/slidingwindow.h src/gripper.h src/mynum.h src/objecthandler.h src/mjclass.h src/simsettings.h src/rendering.h /home/luke/.mujoco/mujoco210/include/glfw3.h
#  Implicit rule search has not been done.
#  Modification time never checked.
#  File has not been updated.

# Not a target:
src/mjclass.h:
#  Implicit rule search has been done.
#  Last modified 2022-02-24 11:30:32.314055191
#  File has been updated.
#  Successfully updated.

xml:
#  Phony target (prerequisite of .PHONY).
#  Implicit rule search has not been done.
#  File does not exist.
#  File has not been updated.
#  recipe to execute (from 'Makefile', line 148):
	$(MAKE) -C $(MODELDIR)

build/cpp/rendering.o: src/rendering.cpp src/rendering.cpp src/rendering.h /home/luke/.mujoco/mujoco210/include/mjxmacro.h /home/luke/.mujoco/mujoco210/include/uitools.h /home/luke/.mujoco/mujoco210/include/mujoco.h /home/luke/.mujoco/mujoco210/include/mjmodel.h /home/luke/.mujoco/mujoco210/include/mjdata.h /home/luke/.mujoco/mujoco210/include/mjvisualize.h /home/luke/.mujoco/mujoco210/include/mjrender.h /home/luke/.mujoco/mujoco210/include/mjui.h /home/luke/.mujoco/mujoco210/include/glfw3.h /home/luke/.mujoco/mujoco210/include/glfw3.h
#  Implicit rule search has not been done.
#  Implicit/static pattern stem: 'rendering'
#  Last modified 2022-02-15 14:56:12.348580533
#  File has been updated.
#  Successfully updated.
#  recipe to execute (from 'Makefile', line 113):
	g++ $(COMMON) -c $< -o $@

# Not a target:
src/slidingwindow.h:
#  Implicit rule search has been done.
#  Last modified 2022-02-21 15:42:57.497121428
#  File has been updated.
#  Successfully updated.

# Not a target:
src/rendering.h:
#  Implicit rule search has been done.
#  Last modified 2021-12-21 10:17:39.686055908
#  File has been updated.
#  Successfully updated.

clean:
#  Implicit rule search has not been done.
#  Modification time never checked.
#  File has not been updated.
#  recipe to execute (from 'Makefile', line 152):
	rm -f $(BUILDDIR)/*.o 
	rm -f $(BUILDCPP)/*.o 
	rm -f $(BUILDPY)/*.o 
 
	rm -f $(BUILDDIR)/depends/*.d
	rm -f $(CPPTARGETS)
	rm -f $(PYTARGETS)

# Not a target:
/home/luke/pybind11/include/pybind11/detail/internals.h:
#  Implicit rule search has been done.
#  Last modified 2021-12-13 14:42:02.095471848
#  File has been updated.
#  Successfully updated.

build/cpp/objecthandler.o: src/objecthandler.cpp src/objecthandler.cpp src/objecthandler.h /home/luke/.mujoco/mujoco210/include/mujoco.h /home/luke/.mujoco/mujoco210/include/mjmodel.h /home/luke/.mujoco/mujoco210/include/mjdata.h /home/luke/.mujoco/mujoco210/include/mjvisualize.h /home/luke/.mujoco/mujoco210/include/mjrender.h /home/luke/.mujoco/mujoco210/include/mjui.h src/customtypes.h src/slidingwindow.h src/gripper.h src/mynum.h
#  Implicit rule search has not been done.
#  Implicit/static pattern stem: 'objecthandler'
#  Last modified 2022-02-24 12:05:37.520257576
#  File has been updated.
#  Successfully updated.
#  recipe to execute (from 'Makefile', line 113):
	g++ $(COMMON) -c $< -o $@

# Not a target:
src/mjclass.cpp:
#  Implicit rule search has been done.
#  Last modified 2022-02-28 09:11:15.347450157
#  File has been updated.
#  Successfully updated.

# Not a target:
src/objecthandler.h:
#  Implicit rule search has been done.
#  Last modified 2022-02-16 14:22:48.458673988
#  File has been updated.
#  Successfully updated.

# Not a target:
src/mysimulate.cpp:
#  Implicit rule search has been done.
#  Last modified 2022-02-24 11:29:02.021261749
#  File has been updated.
#  Successfully updated.

build/depends/mjclass.d: src/mjclass.cpp src/mjclass.cpp src/mjclass.h /home/luke/.mujoco/mujoco210/include/mjxmacro.h /home/luke/.mujoco/mujoco210/include/mujoco.h /home/luke/.mujoco/mujoco210/include/mjmodel.h /home/luke/.mujoco/mujoco210/include/mjdata.h /home/luke/.mujoco/mujoco210/include/mjvisualize.h /home/luke/.mujoco/mujoco210/include/mjrender.h /home/luke/.mujoco/mujoco210/include/mjui.h src/simsettings.h src/myfunctions.h src/customtypes.h src/slidingwindow.h src/gripper.h src/mynum.h src/objecthandler.h src/rendering.h /home/luke/.mujoco/mujoco210/include/uitools.h /home/luke/.mujoco/mujoco210/include/mujoco.h /home/luke/.mujoco/mujoco210/include/glfw3.h /home/luke/.mujoco/mujoco210/include/glfw3.h
#  Implicit rule search has been done.
#  Implicit/static pattern stem: 'mjclass'
#  Last modified 2022-02-28 09:52:41.378894265
#  File has been updated.
#  Successfully updated.
#  recipe to execute (from 'Makefile', line 134):
	@set -e; rm -f $@; \
		g++ -MM $(COMMON) $< > $@.$$$$; \
		sed 's,\($*\)\.o[ :]*,$(BUILDDIR)/\1.o $(BUILDCPP)/\1.o $(BUILDPY)/\1.o $@ : ,g' \
			< $@.$$$$ > $@;
		rm -f $@.*

build/depends/mysimulate.d: src/mysimulate.cpp src/mysimulate.cpp /home/luke/.mujoco/mujoco210/include/mjxmacro.h /home/luke/.mujoco/mujoco210/include/uitools.h /home/luke/.mujoco/mujoco210/include/mujoco.h /home/luke/.mujoco/mujoco210/include/mjmodel.h /home/luke/.mujoco/mujoco210/include/mjdata.h /home/luke/.mujoco/mujoco210/include/mjvisualize.h /home/luke/.mujoco/mujoco210/include/mjrender.h /home/luke/.mujoco/mujoco210/include/mjui.h /home/luke/.mujoco/mujoco210/include/glfw3.h src/myfunctions.h /home/luke/.mujoco/mujoco210/include/mujoco.h src/customtypes.h src/slidingwindow.h src/gripper.h src/mynum.h src/objecthandler.h src/mjclass.h src/simsettings.h src/rendering.h /home/luke/.mujoco/mujoco210/include/glfw3.h
#  Implicit rule search has been done.
#  Implicit/static pattern stem: 'mysimulate'
#  Last modified 2022-02-28 09:05:16.660301229
#  File has been updated.
#  Successfully updated.
#  recipe to execute (from 'Makefile', line 134):
	@set -e; rm -f $@; \
		g++ -MM $(COMMON) $< > $@.$$$$; \
		sed 's,\($*\)\.o[ :]*,$(BUILDDIR)/\1.o $(BUILDCPP)/\1.o $(BUILDPY)/\1.o $@ : ,g' \
			< $@.$$$$ > $@;
		rm -f $@.*

build/gripper.o: src/gripper.cpp src/gripper.h
#  Implicit rule search has not been done.
#  Modification time never checked.
#  File has not been updated.

# Not a target:
/home/luke/.mujoco/mujoco210/include/uitools.h:
#  Implicit rule search has been done.
#  Last modified 2021-10-07 18:58:21
#  File has been updated.
#  Successfully updated.

# Not a target:
src/rendering.cpp:
#  Implicit rule search has been done.
#  Last modified 2022-01-28 14:28:25.309926613
#  File has been updated.
#  Successfully updated.

# Not a target:
/home/luke/pybind11/include/pybind11/detail/common.h:
#  Implicit rule search has been done.
#  Last modified 2021-12-13 14:42:02.095471848
#  File has been updated.
#  Successfully updated.

build/depends/rendering.d: src/rendering.cpp src/rendering.cpp src/rendering.h /home/luke/.mujoco/mujoco210/include/mjxmacro.h /home/luke/.mujoco/mujoco210/include/uitools.h /home/luke/.mujoco/mujoco210/include/mujoco.h /home/luke/.mujoco/mujoco210/include/mjmodel.h /home/luke/.mujoco/mujoco210/include/mjdata.h /home/luke/.mujoco/mujoco210/include/mjvisualize.h /home/luke/.mujoco/mujoco210/include/mjrender.h /home/luke/.mujoco/mujoco210/include/mjui.h /home/luke/.mujoco/mujoco210/include/glfw3.h /home/luke/.mujoco/mujoco210/include/glfw3.h
#  Implicit rule search has been done.
#  Implicit/static pattern stem: 'rendering'
#  Last modified 2022-02-28 09:05:16.480301565
#  File has been updated.
#  Successfully updated.
#  recipe to execute (from 'Makefile', line 134):
	@set -e; rm -f $@; \
		g++ -MM $(COMMON) $< > $@.$$$$; \
		sed 's,\($*\)\.o[ :]*,$(BUILDDIR)/\1.o $(BUILDCPP)/\1.o $(BUILDPY)/\1.o $@ : ,g' \
			< $@.$$$$ > $@;
		rm -f $@.*

# Not a target:
src/objecthandler.cpp:
#  Implicit rule search has been done.
#  Last modified 2022-02-24 11:44:48.660540159
#  File has been updated.
#  Successfully updated.

build/depends/objecthandler.d: src/objecthandler.cpp src/objecthandler.cpp src/objecthandler.h /home/luke/.mujoco/mujoco210/include/mujoco.h /home/luke/.mujoco/mujoco210/include/mjmodel.h /home/luke/.mujoco/mujoco210/include/mjdata.h /home/luke/.mujoco/mujoco210/include/mjvisualize.h /home/luke/.mujoco/mujoco210/include/mjrender.h /home/luke/.mujoco/mujoco210/include/mjui.h src/customtypes.h src/slidingwindow.h src/gripper.h src/mynum.h
#  Implicit rule search has been done.
#  Implicit/static pattern stem: 'objecthandler'
#  Last modified 2022-02-28 09:05:16.464301594
#  File has been updated.
#  Successfully updated.
#  recipe to execute (from 'Makefile', line 134):
	@set -e; rm -f $@; \
		g++ -MM $(COMMON) $< > $@.$$$$; \
		sed 's,\($*\)\.o[ :]*,$(BUILDDIR)/\1.o $(BUILDCPP)/\1.o $(BUILDPY)/\1.o $@ : ,g' \
			< $@.$$$$ > $@;
		rm -f $@.*

bin/mysimulate: build/mysimulate.o build/uitools.o build/cpp/mjclass.o build/cpp/rendering.o build/cpp/objecthandler.o build/cpp/myfunctions.o build/cpp/gripper.o
#  Implicit rule search has not been done.
#  Implicit/static pattern stem: '/mysimulate'
 
#  Last modified 2022-02-28 09:52:44.126890275
#  File has been updated.
#  Successfully updated.
#  recipe to execute (from 'Makefile', line 123):
	g++ $(COMMON) $^ $(CORE_LIBS) $(RENDER_LIBS) -o $@

build/uitools.o:
#  Implicit rule search has not been done.
#  Last modified 2022-02-15 14:56:12.180581144
#  File has been updated.
#  Successfully updated.
#  recipe to execute (from 'Makefile', line 108):
	gcc -c -O2 -mavx -fPIC -I ~/.mujoco/mujoco210/include \
		~/.mujoco/mujoco210/include/uitools.c -o $@

models:
#  Phony target (prerequisite of .PHONY).
#  Implicit rule search has not been done.
#  File does not exist.
#  File has not been updated.
#  recipe to execute (from 'Makefile', line 143):
	./$(MODELBASH)

rl/env/mjpy/bind.so: build/bind.o build/uitools.o build/py/mjclass.o build/py/rendering.o build/py/objecthandler.o build/py/myfunctions.o build/py/gripper.o
#  Implicit rule search has not been done.
#  Implicit/static pattern stem: '/bind'
#  Last modified 2022-02-28 09:52:48.226884309
#  File has been updated.
#  Successfully updated.
#  recipe to execute (from 'Makefile', line 125):
	g++ $(PYBIND) $^ $(CORE_LIBS) $(RENDER_LIBS) -o $@

build/cpp/bind.o: src/bind.cpp /home/luke/pybind11/include/pybind11/pybind11.h /home/luke/pybind11/include/pybind11/attr.h /home/luke/pybind11/include/pybind11/cast.h /home/luke/pybind11/include/pybind11/pytypes.h /home/luke/pybind11/include/pybind11/detail/common.h /home/luke/pybind11/include/pybind11/buffer_info.h /home/luke/pybind11/include/pybind11/detail/descr.h /home/luke/pybind11/include/pybind11/detail/type_caster_base.h /home/luke/pybind11/include/pybind11/detail/internals.h /home/luke/pybind11/include/pybind11/detail/typeid.h /home/luke/pybind11/include/pybind11/gil.h /home/luke/pybind11/include/pybind11/options.h /home/luke/pybind11/include/pybind11/detail/class.h /home/luke/pybind11/include/pybind11/detail/init.h /home/luke/pybind11/include/pybind11/stl.h src/mjclass.h /home/luke/.mujoco/mujoco210/include/mjxmacro.h /home/luke/.mujoco/mujoco210/include/mujoco.h /home/luke/.mujoco/mujoco210/include/mjmodel.h /home/luke/.mujoco/mujoco210/include/mjdata.h /home/luke/.mujoco/mujoco210/include/mjvisualize.h /home/luke/.mujoco/mujoco210/include/mjrender.h /home/luke/.mujoco/mujoco210/include/mjui.h src/simsettings.h src/myfunctions.h src/customtypes.h src/slidingwindow.h src/gripper.h src/mynum.h src/objecthandler.h src/rendering.h /home/luke/.mujoco/mujoco210/include/uitools.h /home/luke/.mujoco/mujoco210/include/mujoco.h /home/luke/.mujoco/mujoco210/include/glfw3.h /home/luke/.mujoco/mujoco210/include/glfw3.h
#  Implicit rule search has not been done.
#  Modification time never checked.
#  File has not been updated.

build/myfunctions.o: src/myfunctions.cpp src/myfunctions.h /home/luke/.mujoco/mujoco210/include/mjxmacro.h /home/luke/.mujoco/mujoco210/include/mujoco.h /home/luke/.mujoco/mujoco210/include/mjmodel.h /home/luke/.mujoco/mujoco210/include/mjdata.h /home/luke/.mujoco/mujoco210/include/mjvisualize.h /home/luke/.mujoco/mujoco210/include/mjrender.h /home/luke/.mujoco/mujoco210/include/mjui.h src/customtypes.h src/slidingwindow.h src/gripper.h src/mynum.h src/objecthandler.h
#  Implicit rule search has not been done.
#  Modification time never checked.
#  File has not been updated.

build/cpp/test.o: src/test.cpp src/mjclass.h /home/luke/.mujoco/mujoco210/include/mjxmacro.h /home/luke/.mujoco/mujoco210/include/mujoco.h /home/luke/.mujoco/mujoco210/include/mjmodel.h /home/luke/.mujoco/mujoco210/include/mjdata.h /home/luke/.mujoco/mujoco210/include/mjvisualize.h /home/luke/.mujoco/mujoco210/include/mjrender.h /home/luke/.mujoco/mujoco210/include/mjui.h src/simsettings.h src/myfunctions.h src/customtypes.h src/slidingwindow.h src/gripper.h src/mynum.h src/objecthandler.h src/rendering.h /home/luke/.mujoco/mujoco210/include/uitools.h /home/luke/.mujoco/mujoco210/include/mujoco.h /home/luke/.mujoco/mujoco210/include/glfw3.h /home/luke/.mujoco/mujoco210/include/glfw3.h
#  Implicit rule search has not been done.
#  Modification time never checked.
#  File has not been updated.

# Not a target:
/home/luke/pybind11/include/pybind11/detail/typeid.h:
#  Implicit rule search has been done.
#  Last modified 2021-12-13 14:42:02.095471848
#  File has been updated.
#  Successfully updated.

# Not a target:
src/mynum.h:
#  Implicit rule search has been done.
#  Last modified 2022-02-15 14:36:41.348594264
#  File has been updated.
#  Successfully updated.

# Not a target:
/home/luke/.mujoco/mujoco210/include/mjdata.h:
#  Implicit rule search has been done.
#  Last modified 2021-10-07 18:58:21
#  File has been updated.
#  Successfully updated.

build/py/gripper.o: src/gripper.cpp src/gripper.cpp src/gripper.h
#  Implicit rule search has not been done.
#  Implicit/static pattern stem: 'gripper'
#  Last modified 2022-02-15 14:56:14.052574339
#  File has been updated.
#  Successfully updated.
#  recipe to execute (from 'Makefile', line 115):
	g++ $(COMMON) -c -fPIC $< -o $@

# Not a target:
src/bind.cpp:
#  Implicit rule search has been done.
#  Last modified 2022-02-28 09:52:35.270903118
#  File has been updated.
#  Successfully updated.

build/py/myfunctions.o: src/myfunctions.cpp src/myfunctions.cpp src/myfunctions.h /home/luke/.mujoco/mujoco210/include/mjxmacro.h /home/luke/.mujoco/mujoco210/include/mujoco.h /home/luke/.mujoco/mujoco210/include/mjmodel.h /home/luke/.mujoco/mujoco210/include/mjdata.h /home/luke/.mujoco/mujoco210/include/mjvisualize.h /home/luke/.mujoco/mujoco210/include/mjrender.h /home/luke/.mujoco/mujoco210/include/mjui.h src/customtypes.h src/slidingwindow.h src/gripper.h src/mynum.h src/objecthandler.h
#  Implicit rule search has not been done.
#  Implicit/static pattern stem: 'myfunctions'
#  Last modified 2022-02-24 12:05:39.776240503
#  File has been updated.
#  Successfully updated.
#  recipe to execute (from 'Makefile', line 115):
	g++ $(COMMON) -c -fPIC $< -o $@

build/depends/bind.d: src/bind.cpp src/bind.cpp /home/luke/pybind11/include/pybind11/pybind11.h /home/luke/pybind11/include/pybind11/attr.h /home/luke/pybind11/include/pybind11/cast.h /home/luke/pybind11/include/pybind11/pytypes.h /home/luke/pybind11/include/pybind11/detail/common.h /home/luke/pybind11/include/pybind11/buffer_info.h /home/luke/pybind11/include/pybind11/detail/descr.h /home/luke/pybind11/include/pybind11/detail/type_caster_base.h /home/luke/pybind11/include/pybind11/detail/internals.h /home/luke/pybind11/include/pybind11/detail/typeid.h /home/luke/pybind11/include/pybind11/gil.h /home/luke/pybind11/include/pybind11/options.h /home/luke/pybind11/include/pybind11/detail/class.h /home/luke/pybind11/include/pybind11/detail/init.h /home/luke/pybind11/include/pybind11/stl.h src/mjclass.h /home/luke/.mujoco/mujoco210/include/mjxmacro.h /home/luke/.mujoco/mujoco210/include/mujoco.h /home/luke/.mujoco/mujoco210/include/mjmodel.h /home/luke/.mujoco/mujoco210/include/mjdata.h /home/luke/.mujoco/mujoco210/include/mjvisualize.h /home/luke/.mujoco/mujoco210/include/mjrender.h /home/luke/.mujoco/mujoco210/include/mjui.h src/simsettings.h src/myfunctions.h src/customtypes.h src/slidingwindow.h src/gripper.h src/mynum.h src/objecthandler.h src/rendering.h /home/luke/.mujoco/mujoco210/include/uitools.h /home/luke/.mujoco/mujoco210/include/mujoco.h /home/luke/.mujoco/mujoco210/include/glfw3.h /home/luke/.mujoco/mujoco210/include/glfw3.h
#  Implicit rule search has been done.
#  Implicit/static pattern stem: 'bind'
#  Last modified 2022-02-28 09:52:41.398894236
#  File has been updated.
#  Successfully updated.
#  recipe to execute (from 'Makefile', line 134):
	@set -e; rm -f $@; \
		g++ -MM $(COMMON) $< > $@.$$$$; \
		sed 's,\($*\)\.o[ :]*,$(BUILDDIR)/\1.o $(BUILDCPP)/\1.o $(BUILDPY)/\1.o $@ : ,g' \
			< $@.$$$$ > $@;
		rm -f $@.*

# Not a target:
/home/luke/pybind11/include/pybind11/options.h:
#  Implicit rule search has been done.
#  Last modified 2021-12-13 14:42:02.099471827
#  File has been updated.
#  Successfully updated.

# Not a target:
src/test.cpp:
 
#  Implicit rule search has been done.
#  Last modified 2022-02-24 11:16:25.96530012
#  File has been updated.
#  Successfully updated.

build/depends/test.d: src/test.cpp src/test.cpp src/mjclass.h /home/luke/.mujoco/mujoco210/include/mjxmacro.h /home/luke/.mujoco/mujoco210/include/mujoco.h /home/luke/.mujoco/mujoco210/include/mjmodel.h /home/luke/.mujoco/mujoco210/include/mjdata.h /home/luke/.mujoco/mujoco210/include/mjvisualize.h /home/luke/.mujoco/mujoco210/include/mjrender.h /home/luke/.mujoco/mujoco210/include/mjui.h src/simsettings.h src/myfunctions.h src/customtypes.h src/slidingwindow.h src/gripper.h src/mynum.h src/objecthandler.h src/rendering.h /home/luke/.mujoco/mujoco210/include/uitools.h /home/luke/.mujoco/mujoco210/include/mujoco.h /home/luke/.mujoco/mujoco210/include/glfw3.h /home/luke/.mujoco/mujoco210/include/glfw3.h
#  Implicit rule search has been done.
#  Implicit/static pattern stem: 'test'
#  Last modified 2022-02-28 09:05:16.688301177
#  File has been updated.
#  Successfully updated.
#  recipe to execute (from 'Makefile', line 134):
	@set -e; rm -f $@; \
		g++ -MM $(COMMON) $< > $@.$$$$; \
		sed 's,\($*\)\.o[ :]*,$(BUILDDIR)/\1.o $(BUILDCPP)/\1.o $(BUILDPY)/\1.o $@ : ,g' \
			< $@.$$$$ > $@;
		rm -f $@.*

# files hash-table stats:
# Load=89/1024=9%, Rehash=0, Collisions=17/359=5%
# VPATH Search Paths

# No 'vpath' search paths.

# No general ('VPATH' variable) search path.

# strcache buffers: 1 (0) / strings = 143 / storage = 2866 B / avg = 20 B
# current buf: size = 8162 B / used = 2866 B / count = 143 / avg = 20 B

# strcache performance: lookups = 436 / hit rate = 67%
# hash-table stats:
# Load=143/8192=2%, Rehash=0, Collisions=8/436=2%
# Finished Make data base on Mon Feb 28 11:37:06 2022

 
